<?xml version="1.0" encoding="UTF-8"?>
<coverage generated="1693015684924" clover="3.2.0">
  <project timestamp="1693015684925" name="All files">
    <metrics statements="14" coveredstatements="14" conditionals="3" coveredconditionals="1" methods="3" coveredmethods="3" elements="20" coveredelements="18" complexity="0" loc="14" ncloc="14" packages="1" files="1" classes="1"/>
    <file name="diceRolling.js" path="/home/jeevan/coder_term_3/week_2_saturday/src/diceRolling.js">
      <metrics statements="14" coveredstatements="14" conditionals="3" coveredconditionals="1" methods="3" coveredmethods="3"/>
      <line num="1" count="1" type="stmt"/>
      <line num="3" count="1" type="stmt"/>
      <line num="4" count="1" type="stmt"/>
      <line num="11" count="112" type="stmt"/>
      <line num="13" count="112" type="stmt"/>
      <line num="18" count="1" type="stmt"/>
      <line num="24" count="1" type="stmt"/>
      <line num="28" count="1" type="stmt"/>
      <line num="30" count="1" type="stmt"/>
      <line num="34" count="1" type="stmt"/>
      <line num="40" count="1" type="stmt"/>
      <line num="44" count="1" type="stmt"/>
      <line num="46" count="1" type="stmt"/>
      <line num="49" count="1" type="stmt"/>
    </file>
  </project>
</coverage>
