<?xml version="1.0" encoding="UTF-8"?>
<coverage generated="1693014820304" clover="3.2.0">
  <project timestamp="1693014820305" name="All files">
    <metrics statements="11" coveredstatements="11" conditionals="3" coveredconditionals="1" methods="3" coveredmethods="3" elements="17" coveredelements="15" complexity="0" loc="11" ncloc="11" packages="1" files="1" classes="1"/>
    <file name="diceRolling.js" path="/home/jeevan/coder_term_3/week_2_saturday/src/diceRolling.js">
      <metrics statements="11" coveredstatements="11" conditionals="3" coveredconditionals="1" methods="3" coveredmethods="3"/>
      <line num="8" count="112" type="stmt"/>
      <line num="10" count="112" type="stmt"/>
      <line num="15" count="1" type="stmt"/>
      <line num="21" count="1" type="stmt"/>
      <line num="25" count="1" type="stmt"/>
      <line num="27" count="1" type="stmt"/>
      <line num="31" count="1" type="stmt"/>
      <line num="37" count="1" type="stmt"/>
      <line num="41" count="1" type="stmt"/>
      <line num="43" count="1" type="stmt"/>
      <line num="46" count="1" type="stmt"/>
    </file>
  </project>
</coverage>
