{"/home/jeevan/coder_term_3/week_2_saturday/src/diceRolling.js": {"path":"/home/jeevan/coder_term_3/week_2_saturday/src/diceRolling.js","statementMap":{"0":{"start":{"line":8,"column":20},"end":{"line":8,"column":60}},"1":{"start":{"line":10,"column":4},"end":{"line":10,"column":20}},"2":{"start":{"line":15,"column":17},"end":{"line":18,"column":5}},"3":{"start":{"line":21,"column":4},"end":{"line":21,"column":60}},"4":{"start":{"line":25,"column":4},"end":{"line":25,"column":51}},"5":{"start":{"line":27,"column":4},"end":{"line":27,"column":18}},"6":{"start":{"line":31,"column":17},"end":{"line":34,"column":5}},"7":{"start":{"line":37,"column":4},"end":{"line":37,"column":60}},"8":{"start":{"line":41,"column":4},"end":{"line":41,"column":51}},"9":{"start":{"line":43,"column":4},"end":{"line":43,"column":18}},"10":{"start":{"line":46,"column":0},"end":{"line":50,"column":1}}},"fnMap":{"0":{"name":"rollDice","decl":{"start":{"line":3,"column":9},"end":{"line":3,"column":17}},"loc":{"start":{"line":3,"column":32},"end":{"line":11,"column":1}},"line":3},"1":{"name":"rollDiceWithDisadvantage","decl":{"start":{"line":14,"column":9},"end":{"line":14,"column":33}},"loc":{"start":{"line":14,"column":47},"end":{"line":28,"column":1}},"line":14},"2":{"name":"rollDiceWithAdvantage","decl":{"start":{"line":30,"column":9},"end":{"line":30,"column":30}},"loc":{"start":{"line":30,"column":44},"end":{"line":44,"column":1}},"line":30}},"branchMap":{"0":{"loc":{"start":{"line":3,"column":18},"end":{"line":3,"column":30}},"type":"default-arg","locations":[{"start":{"line":3,"column":29},"end":{"line":3,"column":30}}],"line":3},"1":{"loc":{"start":{"line":14,"column":34},"end":{"line":14,"column":46}},"type":"default-arg","locations":[{"start":{"line":14,"column":45},"end":{"line":14,"column":46}}],"line":14},"2":{"loc":{"start":{"line":30,"column":31},"end":{"line":30,"column":43}},"type":"default-arg","locations":[{"start":{"line":30,"column":42},"end":{"line":30,"column":43}}],"line":30}},"s":{"0":112,"1":112,"2":1,"3":1,"4":1,"5":1,"6":1,"7":1,"8":1,"9":1,"10":1},"f":{"0":112,"1":1,"2":1},"b":{"0":[1],"1":[0],"2":[0]},"_coverageSchema":"1a1c01bbd47fc00a2c39e90264f33305004495a9","hash":"00780b74ec512e2fef71f3deb425579077321e87"}
}
