{"/home/jeevan/coder_term_3/week_2_saturday/src/diceRolling.js": {"path":"/home/jeevan/coder_term_3/week_2_saturday/src/diceRolling.js","statementMap":{"0":{"start":{"line":1,"column":0},"end":{"line":1,"column":27}},"1":{"start":{"line":3,"column":0},"end":{"line":3,"column":70}},"2":{"start":{"line":4,"column":0},"end":{"line":4,"column":62}},"3":{"start":{"line":11,"column":20},"end":{"line":11,"column":60}},"4":{"start":{"line":13,"column":4},"end":{"line":13,"column":20}},"5":{"start":{"line":18,"column":17},"end":{"line":21,"column":5}},"6":{"start":{"line":24,"column":4},"end":{"line":24,"column":60}},"7":{"start":{"line":28,"column":4},"end":{"line":28,"column":51}},"8":{"start":{"line":30,"column":4},"end":{"line":30,"column":18}},"9":{"start":{"line":34,"column":17},"end":{"line":37,"column":5}},"10":{"start":{"line":40,"column":4},"end":{"line":40,"column":60}},"11":{"start":{"line":44,"column":4},"end":{"line":44,"column":51}},"12":{"start":{"line":46,"column":4},"end":{"line":46,"column":18}},"13":{"start":{"line":49,"column":0},"end":{"line":53,"column":1}}},"fnMap":{"0":{"name":"rollDice","decl":{"start":{"line":6,"column":9},"end":{"line":6,"column":17}},"loc":{"start":{"line":6,"column":32},"end":{"line":14,"column":1}},"line":6},"1":{"name":"rollDiceWithDisadvantage","decl":{"start":{"line":17,"column":9},"end":{"line":17,"column":33}},"loc":{"start":{"line":17,"column":47},"end":{"line":31,"column":1}},"line":17},"2":{"name":"rollDiceWithAdvantage","decl":{"start":{"line":33,"column":9},"end":{"line":33,"column":30}},"loc":{"start":{"line":33,"column":44},"end":{"line":47,"column":1}},"line":33}},"branchMap":{"0":{"loc":{"start":{"line":6,"column":18},"end":{"line":6,"column":30}},"type":"default-arg","locations":[{"start":{"line":6,"column":29},"end":{"line":6,"column":30}}],"line":6},"1":{"loc":{"start":{"line":17,"column":34},"end":{"line":17,"column":46}},"type":"default-arg","locations":[{"start":{"line":17,"column":45},"end":{"line":17,"column":46}}],"line":17},"2":{"loc":{"start":{"line":33,"column":31},"end":{"line":33,"column":43}},"type":"default-arg","locations":[{"start":{"line":33,"column":42},"end":{"line":33,"column":43}}],"line":33}},"s":{"0":1,"1":1,"2":1,"3":112,"4":112,"5":1,"6":1,"7":1,"8":1,"9":1,"10":1,"11":1,"12":1,"13":1},"f":{"0":112,"1":1,"2":1},"b":{"0":[1],"1":[0],"2":[0]},"_coverageSchema":"1a1c01bbd47fc00a2c39e90264f33305004495a9","hash":"2dbf77147ce75deef71a1a99a658769f5c00f86d"}
}
